<?xml version="1.0" encoding="UTF-8"?>
<robot generator="Robot 3.1.2 (Python 3.7.0 on win32)" generated="20200206 16:26:39.082" rpa="false">
<suite id="s1" name="TC 020" source="C:\Users\sks\PycharmProjects\sampleautomation1\TestCases\TC_020.robot">
<test id="s1-t1" name="TC_020 test *** Test Cases ***">
<kw name="Open Browser" library="SeleniumLibrary">
<doc>Opens a new browser instance to the optional ``url``.</doc>
<arguments>
<arg>${URL}</arg>
<arg>${Browser}</arg>
</arguments>
<msg timestamp="20200206 16:26:40.235" level="INFO">Opening browser 'Chrome' to base url 'http://www.thetestingworld.com'.</msg>
<status status="PASS" starttime="20200206 16:26:40.235" endtime="20200206 16:26:50.960"></status>
</kw>
<kw name="Maximize Browser Window" library="SeleniumLibrary">
<doc>Maximizes current browser window.</doc>
<status status="PASS" starttime="20200206 16:26:50.965" endtime="20200206 16:26:55.107"></status>
</kw>
<kw name="Click Element" library="SeleniumLibrary">
<doc>Click the element identified by ``locator``.</doc>
<arguments>
<arg>xpath://a[text()='Login']</arg>
</arguments>
<msg timestamp="20200206 16:26:55.108" level="INFO">Clicking element 'xpath://a[text()='Login']'.</msg>
<status status="PASS" starttime="20200206 16:26:55.108" endtime="20200206 16:26:57.118"></status>
</kw>
<kw name="Read Number Of Rows" library="Resources1">
<arguments>
<arg>Sheet2</arg>
</arguments>
<assign>
<var>${rows}</var>
</assign>
<kw name="Fetch Number Of Rows" library="read_from_excel_robot">
<arguments>
<arg>${sheetname}</arg>
</arguments>
<assign>
<var>${maxrows}</var>
</assign>
<msg timestamp="20200206 16:26:57.121" level="INFO">${maxrows} = 4</msg>
<status status="PASS" starttime="20200206 16:26:57.121" endtime="20200206 16:26:57.122"></status>
</kw>
<msg timestamp="20200206 16:26:57.122" level="INFO">${rows} = 4</msg>
<status status="PASS" starttime="20200206 16:26:57.120" endtime="20200206 16:26:57.122"></status>
</kw>
<kw name="Log To Console" library="BuiltIn">
<doc>Logs the given message to the console.</doc>
<arguments>
<arg>${rows}</arg>
</arguments>
<status status="PASS" starttime="20200206 16:26:57.126" endtime="20200206 16:26:57.127"></status>
</kw>
<kw name="${i} IN RANGE [ 1 | ${rows}+1 ]" type="for">
<kw name="${i} = 1" type="foritem">
<kw name="Read Excel Data Of Cell" library="Resources1">
<arguments>
<arg>Sheet2</arg>
<arg>${i}</arg>
<arg>1</arg>
</arguments>
<assign>
<var>${username}</var>
</assign>
<kw name="Fetch Cell Data" library="read_from_excel_robot">
<arguments>
<arg>${sheetname}</arg>
<arg>${row}</arg>
<arg>${cell}</arg>
</arguments>
<assign>
<var>${cellvalue}</var>
</assign>
<msg timestamp="20200206 16:26:57.130" level="INFO">${cellvalue} = user1</msg>
<status status="PASS" starttime="20200206 16:26:57.129" endtime="20200206 16:26:57.130"></status>
</kw>
<msg timestamp="20200206 16:26:57.130" level="INFO">${username} = user1</msg>
<status status="PASS" starttime="20200206 16:26:57.129" endtime="20200206 16:26:57.130"></status>
</kw>
<kw name="Read Excel Data Of Cell" library="Resources1">
<arguments>
<arg>Sheet2</arg>
<arg>${i}</arg>
<arg>2</arg>
</arguments>
<assign>
<var>${password}</var>
</assign>
<kw name="Fetch Cell Data" library="read_from_excel_robot">
<arguments>
<arg>${sheetname}</arg>
<arg>${row}</arg>
<arg>${cell}</arg>
</arguments>
<assign>
<var>${cellvalue}</var>
</assign>
<msg timestamp="20200206 16:26:57.132" level="INFO">${cellvalue} = pass1</msg>
<status status="PASS" starttime="20200206 16:26:57.131" endtime="20200206 16:26:57.132"></status>
</kw>
<msg timestamp="20200206 16:26:57.132" level="INFO">${password} = pass1</msg>
<status status="PASS" starttime="20200206 16:26:57.130" endtime="20200206 16:26:57.132"></status>
</kw>
<kw name="Input Text" library="SeleniumLibrary">
<doc>Types the given ``text`` into the text field identified by ``locator``.</doc>
<arguments>
<arg>id:username</arg>
<arg>${username}</arg>
</arguments>
<msg timestamp="20200206 16:26:57.133" level="INFO">Typing text 'user1' into text field 'id:username'.</msg>
<status status="PASS" starttime="20200206 16:26:57.132" endtime="20200206 16:26:57.260"></status>
</kw>
<kw name="Input Text" library="SeleniumLibrary">
<doc>Types the given ``text`` into the text field identified by ``locator``.</doc>
<arguments>
<arg>id:password</arg>
<arg>${password}</arg>
</arguments>
<msg timestamp="20200206 16:26:57.261" level="INFO">Typing text 'pass1' into text field 'id:password'.</msg>
<status status="PASS" starttime="20200206 16:26:57.260" endtime="20200206 16:26:57.361"></status>
</kw>
<kw name="Click Button" library="SeleniumLibrary">
<doc>Clicks the button identified by ``locator``.</doc>
<arguments>
<arg>xpath://button[@type='submit']</arg>
</arguments>
<msg timestamp="20200206 16:26:57.361" level="INFO">Clicking button 'xpath://button[@type='submit']'.</msg>
<status status="PASS" starttime="20200206 16:26:57.361" endtime="20200206 16:26:58.318"></status>
</kw>
<kw name="Sleep" library="BuiltIn">
<doc>Pauses the test executed for the given time.</doc>
<arguments>
<arg>3</arg>
</arguments>
<msg timestamp="20200206 16:27:01.319" level="INFO">Slept 3 seconds</msg>
<status status="PASS" starttime="20200206 16:26:58.318" endtime="20200206 16:27:01.320"></status>
</kw>
<status status="PASS" starttime="20200206 16:26:57.128" endtime="20200206 16:27:01.320"></status>
</kw>
<kw name="${i} = 2" type="foritem">
<kw name="Read Excel Data Of Cell" library="Resources1">
<arguments>
<arg>Sheet2</arg>
<arg>${i}</arg>
<arg>1</arg>
</arguments>
<assign>
<var>${username}</var>
</assign>
<kw name="Fetch Cell Data" library="read_from_excel_robot">
<arguments>
<arg>${sheetname}</arg>
<arg>${row}</arg>
<arg>${cell}</arg>
</arguments>
<assign>
<var>${cellvalue}</var>
</assign>
<msg timestamp="20200206 16:27:01.325" level="INFO">${cellvalue} = user2</msg>
<status status="PASS" starttime="20200206 16:27:01.323" endtime="20200206 16:27:01.325"></status>
</kw>
<msg timestamp="20200206 16:27:01.326" level="INFO">${username} = user2</msg>
<status status="PASS" starttime="20200206 16:27:01.321" endtime="20200206 16:27:01.326"></status>
</kw>
<kw name="Read Excel Data Of Cell" library="Resources1">
<arguments>
<arg>Sheet2</arg>
<arg>${i}</arg>
<arg>2</arg>
</arguments>
<assign>
<var>${password}</var>
</assign>
<kw name="Fetch Cell Data" library="read_from_excel_robot">
<arguments>
<arg>${sheetname}</arg>
<arg>${row}</arg>
<arg>${cell}</arg>
</arguments>
<assign>
<var>${cellvalue}</var>
</assign>
<msg timestamp="20200206 16:27:01.329" level="INFO">${cellvalue} = pass2</msg>
<status status="PASS" starttime="20200206 16:27:01.328" endtime="20200206 16:27:01.329"></status>
</kw>
<msg timestamp="20200206 16:27:01.330" level="INFO">${password} = pass2</msg>
<status status="PASS" starttime="20200206 16:27:01.326" endtime="20200206 16:27:01.330"></status>
</kw>
<kw name="Input Text" library="SeleniumLibrary">
<doc>Types the given ``text`` into the text field identified by ``locator``.</doc>
<arguments>
<arg>id:username</arg>
<arg>${username}</arg>
</arguments>
<msg timestamp="20200206 16:27:01.331" level="INFO">Typing text 'user2' into text field 'id:username'.</msg>
<status status="PASS" starttime="20200206 16:27:01.330" endtime="20200206 16:27:01.452"></status>
</kw>
<kw name="Input Text" library="SeleniumLibrary">
<doc>Types the given ``text`` into the text field identified by ``locator``.</doc>
<arguments>
<arg>id:password</arg>
<arg>${password}</arg>
</arguments>
<msg timestamp="20200206 16:27:01.453" level="INFO">Typing text 'pass2' into text field 'id:password'.</msg>
<status status="PASS" starttime="20200206 16:27:01.452" endtime="20200206 16:27:01.563"></status>
</kw>
<kw name="Click Button" library="SeleniumLibrary">
<doc>Clicks the button identified by ``locator``.</doc>
<arguments>
<arg>xpath://button[@type='submit']</arg>
</arguments>
<msg timestamp="20200206 16:27:01.563" level="INFO">Clicking button 'xpath://button[@type='submit']'.</msg>
<status status="PASS" starttime="20200206 16:27:01.563" endtime="20200206 16:27:02.596"></status>
</kw>
<kw name="Sleep" library="BuiltIn">
<doc>Pauses the test executed for the given time.</doc>
<arguments>
<arg>3</arg>
</arguments>
<msg timestamp="20200206 16:27:05.598" level="INFO">Slept 3 seconds</msg>
<status status="PASS" starttime="20200206 16:27:02.597" endtime="20200206 16:27:05.598"></status>
</kw>
<status status="PASS" starttime="20200206 16:27:01.320" endtime="20200206 16:27:05.598"></status>
</kw>
<kw name="${i} = 3" type="foritem">
<kw name="Read Excel Data Of Cell" library="Resources1">
<arguments>
<arg>Sheet2</arg>
<arg>${i}</arg>
<arg>1</arg>
</arguments>
<assign>
<var>${username}</var>
</assign>
<kw name="Fetch Cell Data" library="read_from_excel_robot">
<arguments>
<arg>${sheetname}</arg>
<arg>${row}</arg>
<arg>${cell}</arg>
</arguments>
<assign>
<var>${cellvalue}</var>
</assign>
<msg timestamp="20200206 16:27:05.600" level="INFO">${cellvalue} = user3</msg>
<status status="PASS" starttime="20200206 16:27:05.600" endtime="20200206 16:27:05.600"></status>
</kw>
<msg timestamp="20200206 16:27:05.601" level="INFO">${username} = user3</msg>
<status status="PASS" starttime="20200206 16:27:05.599" endtime="20200206 16:27:05.601"></status>
</kw>
<kw name="Read Excel Data Of Cell" library="Resources1">
<arguments>
<arg>Sheet2</arg>
<arg>${i}</arg>
<arg>2</arg>
</arguments>
<assign>
<var>${password}</var>
</assign>
<kw name="Fetch Cell Data" library="read_from_excel_robot">
<arguments>
<arg>${sheetname}</arg>
<arg>${row}</arg>
<arg>${cell}</arg>
</arguments>
<assign>
<var>${cellvalue}</var>
</assign>
<msg timestamp="20200206 16:27:05.602" level="INFO">${cellvalue} = pass3</msg>
<status status="PASS" starttime="20200206 16:27:05.602" endtime="20200206 16:27:05.602"></status>
</kw>
<msg timestamp="20200206 16:27:05.603" level="INFO">${password} = pass3</msg>
<status status="PASS" starttime="20200206 16:27:05.601" endtime="20200206 16:27:05.603"></status>
</kw>
<kw name="Input Text" library="SeleniumLibrary">
<doc>Types the given ``text`` into the text field identified by ``locator``.</doc>
<arguments>
<arg>id:username</arg>
<arg>${username}</arg>
</arguments>
<msg timestamp="20200206 16:27:05.603" level="INFO">Typing text 'user3' into text field 'id:username'.</msg>
<status status="PASS" starttime="20200206 16:27:05.603" endtime="20200206 16:27:05.724"></status>
</kw>
<kw name="Input Text" library="SeleniumLibrary">
<doc>Types the given ``text`` into the text field identified by ``locator``.</doc>
<arguments>
<arg>id:password</arg>
<arg>${password}</arg>
</arguments>
<msg timestamp="20200206 16:27:05.725" level="INFO">Typing text 'pass3' into text field 'id:password'.</msg>
<status status="PASS" starttime="20200206 16:27:05.725" endtime="20200206 16:27:05.836"></status>
</kw>
<kw name="Click Button" library="SeleniumLibrary">
<doc>Clicks the button identified by ``locator``.</doc>
<arguments>
<arg>xpath://button[@type='submit']</arg>
</arguments>
<msg timestamp="20200206 16:27:05.837" level="INFO">Clicking button 'xpath://button[@type='submit']'.</msg>
<status status="PASS" starttime="20200206 16:27:05.836" endtime="20200206 16:27:06.860"></status>
</kw>
<kw name="Sleep" library="BuiltIn">
<doc>Pauses the test executed for the given time.</doc>
<arguments>
<arg>3</arg>
</arguments>
<msg timestamp="20200206 16:27:09.862" level="INFO">Slept 3 seconds</msg>
<status status="PASS" starttime="20200206 16:27:06.861" endtime="20200206 16:27:09.863"></status>
</kw>
<status status="PASS" starttime="20200206 16:27:05.599" endtime="20200206 16:27:09.863"></status>
</kw>
<kw name="${i} = 4" type="foritem">
<kw name="Read Excel Data Of Cell" library="Resources1">
<arguments>
<arg>Sheet2</arg>
<arg>${i}</arg>
<arg>1</arg>
</arguments>
<assign>
<var>${username}</var>
</assign>
<kw name="Fetch Cell Data" library="read_from_excel_robot">
<arguments>
<arg>${sheetname}</arg>
<arg>${row}</arg>
<arg>${cell}</arg>
</arguments>
<assign>
<var>${cellvalue}</var>
</assign>
<msg timestamp="20200206 16:27:09.867" level="INFO">${cellvalue} = user4</msg>
<status status="PASS" starttime="20200206 16:27:09.866" endtime="20200206 16:27:09.868"></status>
</kw>
<msg timestamp="20200206 16:27:09.869" level="INFO">${username} = user4</msg>
<status status="PASS" starttime="20200206 16:27:09.864" endtime="20200206 16:27:09.870"></status>
</kw>
<kw name="Read Excel Data Of Cell" library="Resources1">
<arguments>
<arg>Sheet2</arg>
<arg>${i}</arg>
<arg>2</arg>
</arguments>
<assign>
<var>${password}</var>
</assign>
<kw name="Fetch Cell Data" library="read_from_excel_robot">
<arguments>
<arg>${sheetname}</arg>
<arg>${row}</arg>
<arg>${cell}</arg>
</arguments>
<assign>
<var>${cellvalue}</var>
</assign>
<msg timestamp="20200206 16:27:09.873" level="INFO">${cellvalue} = pass4</msg>
<status status="PASS" starttime="20200206 16:27:09.872" endtime="20200206 16:27:09.873"></status>
</kw>
<msg timestamp="20200206 16:27:09.873" level="INFO">${password} = pass4</msg>
<status status="PASS" starttime="20200206 16:27:09.870" endtime="20200206 16:27:09.873"></status>
</kw>
<kw name="Input Text" library="SeleniumLibrary">
<doc>Types the given ``text`` into the text field identified by ``locator``.</doc>
<arguments>
<arg>id:username</arg>
<arg>${username}</arg>
</arguments>
<msg timestamp="20200206 16:27:09.874" level="INFO">Typing text 'user4' into text field 'id:username'.</msg>
<status status="PASS" starttime="20200206 16:27:09.874" endtime="20200206 16:27:09.994"></status>
</kw>
<kw name="Input Text" library="SeleniumLibrary">
<doc>Types the given ``text`` into the text field identified by ``locator``.</doc>
<arguments>
<arg>id:password</arg>
<arg>${password}</arg>
</arguments>
<msg timestamp="20200206 16:27:09.994" level="INFO">Typing text 'pass4' into text field 'id:password'.</msg>
<status status="PASS" starttime="20200206 16:27:09.994" endtime="20200206 16:27:10.101"></status>
</kw>
<kw name="Click Button" library="SeleniumLibrary">
<doc>Clicks the button identified by ``locator``.</doc>
<arguments>
<arg>xpath://button[@type='submit']</arg>
</arguments>
<msg timestamp="20200206 16:27:10.101" level="INFO">Clicking button 'xpath://button[@type='submit']'.</msg>
<status status="PASS" starttime="20200206 16:27:10.101" endtime="20200206 16:27:11.131"></status>
</kw>
<kw name="Sleep" library="BuiltIn">
<doc>Pauses the test executed for the given time.</doc>
<arguments>
<arg>3</arg>
</arguments>
<msg timestamp="20200206 16:27:14.133" level="INFO">Slept 3 seconds</msg>
<status status="PASS" starttime="20200206 16:27:11.131" endtime="20200206 16:27:14.133"></status>
</kw>
<status status="PASS" starttime="20200206 16:27:09.863" endtime="20200206 16:27:14.133"></status>
</kw>
<status status="PASS" starttime="20200206 16:26:57.128" endtime="20200206 16:27:14.134"></status>
</kw>
<kw name="Close Browser" library="SeleniumLibrary">
<doc>Closes the current browser.</doc>
<status status="PASS" starttime="20200206 16:27:14.135" endtime="20200206 16:27:16.423"></status>
</kw>
<status status="PASS" starttime="20200206 16:26:40.234" endtime="20200206 16:27:16.425" critical="yes"></status>
</test>
<status status="PASS" starttime="20200206 16:26:39.087" endtime="20200206 16:27:16.433"></status>
</suite>
<statistics>
<total>
<stat pass="1" fail="0">Critical Tests</stat>
<stat pass="1" fail="0">All Tests</stat>
</total>
<tag>
</tag>
<suite>
<stat pass="1" fail="0" id="s1" name="TC 020">TC 020</stat>
</suite>
</statistics>
<errors>
</errors>
</robot>
