<?xml version="1.0" encoding="UTF-8"?>
<robot generator="Robot 3.1.2 (Python 3.7.0 on win32)" generated="20200211 12:16:06.785" rpa="false">
<suite id="s1" name="TC 020" source="C:\Users\sks\PycharmProjects\sampleautomation1\TestCases\TC_020.robot">
<test id="s1-t1" name="TC_020 test *** Test Cases ***">
<kw name="Open Browser" library="SeleniumLibrary">
<doc>Opens a new browser instance to the optional ``url``.</doc>
<arguments>
<arg>${URL}</arg>
<arg>${Browser}</arg>
</arguments>
<msg timestamp="20200211 12:16:08.236" level="INFO">Opening browser 'Chrome' to base url 'http://www.thetestingworld.com'.</msg>
<status status="PASS" starttime="20200211 12:16:08.235" endtime="20200211 12:16:21.410"></status>
</kw>
<kw name="Maximize Browser Window" library="SeleniumLibrary">
<doc>Maximizes current browser window.</doc>
<status status="PASS" starttime="20200211 12:16:21.415" endtime="20200211 12:16:25.553"></status>
</kw>
<kw name="Click Element" library="SeleniumLibrary">
<doc>Click the element identified by ``locator``.</doc>
<arguments>
<arg>xpath://a[text()='Login']</arg>
</arguments>
<msg timestamp="20200211 12:16:25.553" level="INFO">Clicking element 'xpath://a[text()='Login']'.</msg>
<status status="PASS" starttime="20200211 12:16:25.553" endtime="20200211 12:16:27.203"></status>
</kw>
<kw name="Read Number Of Rows" library="Resources1">
<arguments>
<arg>Sheet2</arg>
</arguments>
<assign>
<var>${rows}</var>
</assign>
<kw name="Fetch Number Of Rows" library="read_from_excel_robot">
<arguments>
<arg>${sheetname}</arg>
</arguments>
<assign>
<var>${maxrows}</var>
</assign>
<msg timestamp="20200211 12:16:27.205" level="INFO">${maxrows} = 4</msg>
<status status="PASS" starttime="20200211 12:16:27.205" endtime="20200211 12:16:27.206"></status>
</kw>
<msg timestamp="20200211 12:16:27.206" level="INFO">${rows} = 4</msg>
<status status="PASS" starttime="20200211 12:16:27.204" endtime="20200211 12:16:27.206"></status>
</kw>
<kw name="Log To Console" library="BuiltIn">
<doc>Logs the given message to the console.</doc>
<arguments>
<arg>${rows}</arg>
</arguments>
<status status="PASS" starttime="20200211 12:16:27.207" endtime="20200211 12:16:27.207"></status>
</kw>
<kw name="${i} IN RANGE [ 1 | ${rows}+1 ]" type="for">
<kw name="${i} = 1" type="foritem">
<kw name="Read Excel Data Of Cell" library="Resources1">
<arguments>
<arg>Sheet2</arg>
<arg>${i}</arg>
<arg>1</arg>
</arguments>
<assign>
<var>${username}</var>
</assign>
<kw name="Fetch Cell Data" library="read_from_excel_robot">
<arguments>
<arg>${sheetname}</arg>
<arg>${row}</arg>
<arg>${cell}</arg>
</arguments>
<assign>
<var>${cellvalue}</var>
</assign>
<msg timestamp="20200211 12:16:27.211" level="INFO">${cellvalue} = user1</msg>
<status status="PASS" starttime="20200211 12:16:27.210" endtime="20200211 12:16:27.211"></status>
</kw>
<msg timestamp="20200211 12:16:27.211" level="INFO">${username} = user1</msg>
<status status="PASS" starttime="20200211 12:16:27.210" endtime="20200211 12:16:27.211"></status>
</kw>
<kw name="Read Excel Data Of Cell" library="Resources1">
<arguments>
<arg>Sheet2</arg>
<arg>${i}</arg>
<arg>2</arg>
</arguments>
<assign>
<var>${password}</var>
</assign>
<kw name="Fetch Cell Data" library="read_from_excel_robot">
<arguments>
<arg>${sheetname}</arg>
<arg>${row}</arg>
<arg>${cell}</arg>
</arguments>
<assign>
<var>${cellvalue}</var>
</assign>
<msg timestamp="20200211 12:16:27.212" level="INFO">${cellvalue} = pass1</msg>
<status status="PASS" starttime="20200211 12:16:27.211" endtime="20200211 12:16:27.212"></status>
</kw>
<msg timestamp="20200211 12:16:27.212" level="INFO">${password} = pass1</msg>
<status status="PASS" starttime="20200211 12:16:27.211" endtime="20200211 12:16:27.212"></status>
</kw>
<kw name="Input Text" library="SeleniumLibrary">
<doc>Types the given ``text`` into the text field identified by ``locator``.</doc>
<arguments>
<arg>id:username</arg>
<arg>${username}</arg>
</arguments>
<msg timestamp="20200211 12:16:27.212" level="INFO">Typing text 'user1' into text field 'id:username'.</msg>
<status status="PASS" starttime="20200211 12:16:27.212" endtime="20200211 12:16:27.377"></status>
</kw>
<kw name="Input Text" library="SeleniumLibrary">
<doc>Types the given ``text`` into the text field identified by ``locator``.</doc>
<arguments>
<arg>id:password</arg>
<arg>${password}</arg>
</arguments>
<msg timestamp="20200211 12:16:27.378" level="INFO">Typing text 'pass1' into text field 'id:password'.</msg>
<status status="PASS" starttime="20200211 12:16:27.377" endtime="20200211 12:16:27.503"></status>
</kw>
<kw name="Click Button" library="SeleniumLibrary">
<doc>Clicks the button identified by ``locator``.</doc>
<arguments>
<arg>xpath://button[@type='submit']</arg>
</arguments>
<msg timestamp="20200211 12:16:27.503" level="INFO">Clicking button 'xpath://button[@type='submit']'.</msg>
<status status="PASS" starttime="20200211 12:16:27.503" endtime="20200211 12:16:29.345"></status>
</kw>
<kw name="Sleep" library="BuiltIn">
<doc>Pauses the test executed for the given time.</doc>
<arguments>
<arg>3</arg>
</arguments>
<msg timestamp="20200211 12:16:32.346" level="INFO">Slept 3 seconds</msg>
<status status="PASS" starttime="20200211 12:16:29.345" endtime="20200211 12:16:32.346"></status>
</kw>
<status status="PASS" starttime="20200211 12:16:27.210" endtime="20200211 12:16:32.346"></status>
</kw>
<kw name="${i} = 2" type="foritem">
<kw name="Read Excel Data Of Cell" library="Resources1">
<arguments>
<arg>Sheet2</arg>
<arg>${i}</arg>
<arg>1</arg>
</arguments>
<assign>
<var>${username}</var>
</assign>
<kw name="Fetch Cell Data" library="read_from_excel_robot">
<arguments>
<arg>${sheetname}</arg>
<arg>${row}</arg>
<arg>${cell}</arg>
</arguments>
<assign>
<var>${cellvalue}</var>
</assign>
<msg timestamp="20200211 12:16:32.347" level="INFO">${cellvalue} = user2</msg>
<status status="PASS" starttime="20200211 12:16:32.347" endtime="20200211 12:16:32.347"></status>
</kw>
<msg timestamp="20200211 12:16:32.347" level="INFO">${username} = user2</msg>
<status status="PASS" starttime="20200211 12:16:32.346" endtime="20200211 12:16:32.347"></status>
</kw>
<kw name="Read Excel Data Of Cell" library="Resources1">
<arguments>
<arg>Sheet2</arg>
<arg>${i}</arg>
<arg>2</arg>
</arguments>
<assign>
<var>${password}</var>
</assign>
<kw name="Fetch Cell Data" library="read_from_excel_robot">
<arguments>
<arg>${sheetname}</arg>
<arg>${row}</arg>
<arg>${cell}</arg>
</arguments>
<assign>
<var>${cellvalue}</var>
</assign>
<msg timestamp="20200211 12:16:32.348" level="INFO">${cellvalue} = pass2</msg>
<status status="PASS" starttime="20200211 12:16:32.348" endtime="20200211 12:16:32.348"></status>
</kw>
<msg timestamp="20200211 12:16:32.348" level="INFO">${password} = pass2</msg>
<status status="PASS" starttime="20200211 12:16:32.347" endtime="20200211 12:16:32.348"></status>
</kw>
<kw name="Input Text" library="SeleniumLibrary">
<doc>Types the given ``text`` into the text field identified by ``locator``.</doc>
<arguments>
<arg>id:username</arg>
<arg>${username}</arg>
</arguments>
<msg timestamp="20200211 12:16:32.348" level="INFO">Typing text 'user2' into text field 'id:username'.</msg>
<status status="PASS" starttime="20200211 12:16:32.348" endtime="20200211 12:16:32.464"></status>
</kw>
<kw name="Input Text" library="SeleniumLibrary">
<doc>Types the given ``text`` into the text field identified by ``locator``.</doc>
<arguments>
<arg>id:password</arg>
<arg>${password}</arg>
</arguments>
<msg timestamp="20200211 12:16:32.465" level="INFO">Typing text 'pass2' into text field 'id:password'.</msg>
<status status="PASS" starttime="20200211 12:16:32.464" endtime="20200211 12:16:32.578"></status>
</kw>
<kw name="Click Button" library="SeleniumLibrary">
<doc>Clicks the button identified by ``locator``.</doc>
<arguments>
<arg>xpath://button[@type='submit']</arg>
</arguments>
<msg timestamp="20200211 12:16:32.578" level="INFO">Clicking button 'xpath://button[@type='submit']'.</msg>
<status status="PASS" starttime="20200211 12:16:32.578" endtime="20200211 12:16:33.829"></status>
</kw>
<kw name="Sleep" library="BuiltIn">
<doc>Pauses the test executed for the given time.</doc>
<arguments>
<arg>3</arg>
</arguments>
<msg timestamp="20200211 12:16:36.831" level="INFO">Slept 3 seconds</msg>
<status status="PASS" starttime="20200211 12:16:33.829" endtime="20200211 12:16:36.831"></status>
</kw>
<status status="PASS" starttime="20200211 12:16:32.346" endtime="20200211 12:16:36.831"></status>
</kw>
<kw name="${i} = 3" type="foritem">
<kw name="Read Excel Data Of Cell" library="Resources1">
<arguments>
<arg>Sheet2</arg>
<arg>${i}</arg>
<arg>1</arg>
</arguments>
<assign>
<var>${username}</var>
</assign>
<kw name="Fetch Cell Data" library="read_from_excel_robot">
<arguments>
<arg>${sheetname}</arg>
<arg>${row}</arg>
<arg>${cell}</arg>
</arguments>
<assign>
<var>${cellvalue}</var>
</assign>
<msg timestamp="20200211 12:16:36.833" level="INFO">${cellvalue} = user3</msg>
<status status="PASS" starttime="20200211 12:16:36.833" endtime="20200211 12:16:36.834"></status>
</kw>
<msg timestamp="20200211 12:16:36.834" level="INFO">${username} = user3</msg>
<status status="PASS" starttime="20200211 12:16:36.832" endtime="20200211 12:16:36.834"></status>
</kw>
<kw name="Read Excel Data Of Cell" library="Resources1">
<arguments>
<arg>Sheet2</arg>
<arg>${i}</arg>
<arg>2</arg>
</arguments>
<assign>
<var>${password}</var>
</assign>
<kw name="Fetch Cell Data" library="read_from_excel_robot">
<arguments>
<arg>${sheetname}</arg>
<arg>${row}</arg>
<arg>${cell}</arg>
</arguments>
<assign>
<var>${cellvalue}</var>
</assign>
<msg timestamp="20200211 12:16:36.836" level="INFO">${cellvalue} = pass3</msg>
<status status="PASS" starttime="20200211 12:16:36.835" endtime="20200211 12:16:36.836"></status>
</kw>
<msg timestamp="20200211 12:16:36.836" level="INFO">${password} = pass3</msg>
<status status="PASS" starttime="20200211 12:16:36.835" endtime="20200211 12:16:36.837"></status>
</kw>
<kw name="Input Text" library="SeleniumLibrary">
<doc>Types the given ``text`` into the text field identified by ``locator``.</doc>
<arguments>
<arg>id:username</arg>
<arg>${username}</arg>
</arguments>
<msg timestamp="20200211 12:16:36.838" level="INFO">Typing text 'user3' into text field 'id:username'.</msg>
<status status="PASS" starttime="20200211 12:16:36.837" endtime="20200211 12:16:36.962"></status>
</kw>
<kw name="Input Text" library="SeleniumLibrary">
<doc>Types the given ``text`` into the text field identified by ``locator``.</doc>
<arguments>
<arg>id:password</arg>
<arg>${password}</arg>
</arguments>
<msg timestamp="20200211 12:16:36.963" level="INFO">Typing text 'pass3' into text field 'id:password'.</msg>
<status status="PASS" starttime="20200211 12:16:36.962" endtime="20200211 12:16:37.075"></status>
</kw>
<kw name="Click Button" library="SeleniumLibrary">
<doc>Clicks the button identified by ``locator``.</doc>
<arguments>
<arg>xpath://button[@type='submit']</arg>
</arguments>
<msg timestamp="20200211 12:16:37.075" level="INFO">Clicking button 'xpath://button[@type='submit']'.</msg>
<status status="PASS" starttime="20200211 12:16:37.075" endtime="20200211 12:16:38.015"></status>
</kw>
<kw name="Sleep" library="BuiltIn">
<doc>Pauses the test executed for the given time.</doc>
<arguments>
<arg>3</arg>
</arguments>
<msg timestamp="20200211 12:16:41.015" level="INFO">Slept 3 seconds</msg>
<status status="PASS" starttime="20200211 12:16:38.015" endtime="20200211 12:16:41.015"></status>
</kw>
<status status="PASS" starttime="20200211 12:16:36.832" endtime="20200211 12:16:41.015"></status>
</kw>
<kw name="${i} = 4" type="foritem">
<kw name="Read Excel Data Of Cell" library="Resources1">
<arguments>
<arg>Sheet2</arg>
<arg>${i}</arg>
<arg>1</arg>
</arguments>
<assign>
<var>${username}</var>
</assign>
<kw name="Fetch Cell Data" library="read_from_excel_robot">
<arguments>
<arg>${sheetname}</arg>
<arg>${row}</arg>
<arg>${cell}</arg>
</arguments>
<assign>
<var>${cellvalue}</var>
</assign>
<msg timestamp="20200211 12:16:41.016" level="INFO">${cellvalue} = user4</msg>
<status status="PASS" starttime="20200211 12:16:41.015" endtime="20200211 12:16:41.016"></status>
</kw>
<msg timestamp="20200211 12:16:41.016" level="INFO">${username} = user4</msg>
<status status="PASS" starttime="20200211 12:16:41.015" endtime="20200211 12:16:41.016"></status>
</kw>
<kw name="Read Excel Data Of Cell" library="Resources1">
<arguments>
<arg>Sheet2</arg>
<arg>${i}</arg>
<arg>2</arg>
</arguments>
<assign>
<var>${password}</var>
</assign>
<kw name="Fetch Cell Data" library="read_from_excel_robot">
<arguments>
<arg>${sheetname}</arg>
<arg>${row}</arg>
<arg>${cell}</arg>
</arguments>
<assign>
<var>${cellvalue}</var>
</assign>
<msg timestamp="20200211 12:16:41.017" level="INFO">${cellvalue} = pass4</msg>
<status status="PASS" starttime="20200211 12:16:41.017" endtime="20200211 12:16:41.017"></status>
</kw>
<msg timestamp="20200211 12:16:41.017" level="INFO">${password} = pass4</msg>
<status status="PASS" starttime="20200211 12:16:41.016" endtime="20200211 12:16:41.017"></status>
</kw>
<kw name="Input Text" library="SeleniumLibrary">
<doc>Types the given ``text`` into the text field identified by ``locator``.</doc>
<arguments>
<arg>id:username</arg>
<arg>${username}</arg>
</arguments>
<msg timestamp="20200211 12:16:41.017" level="INFO">Typing text 'user4' into text field 'id:username'.</msg>
<status status="PASS" starttime="20200211 12:16:41.017" endtime="20200211 12:16:41.144"></status>
</kw>
<kw name="Input Text" library="SeleniumLibrary">
<doc>Types the given ``text`` into the text field identified by ``locator``.</doc>
<arguments>
<arg>id:password</arg>
<arg>${password}</arg>
</arguments>
<msg timestamp="20200211 12:16:41.145" level="INFO">Typing text 'pass4' into text field 'id:password'.</msg>
<status status="PASS" starttime="20200211 12:16:41.145" endtime="20200211 12:16:41.252"></status>
</kw>
<kw name="Click Button" library="SeleniumLibrary">
<doc>Clicks the button identified by ``locator``.</doc>
<arguments>
<arg>xpath://button[@type='submit']</arg>
</arguments>
<msg timestamp="20200211 12:16:41.252" level="INFO">Clicking button 'xpath://button[@type='submit']'.</msg>
<status status="PASS" starttime="20200211 12:16:41.252" endtime="20200211 12:16:43.033"></status>
</kw>
<kw name="Sleep" library="BuiltIn">
<doc>Pauses the test executed for the given time.</doc>
<arguments>
<arg>3</arg>
</arguments>
<msg timestamp="20200211 12:16:46.035" level="INFO">Slept 3 seconds</msg>
<status status="PASS" starttime="20200211 12:16:43.033" endtime="20200211 12:16:46.035"></status>
</kw>
<status status="PASS" starttime="20200211 12:16:41.015" endtime="20200211 12:16:46.035"></status>
</kw>
<status status="PASS" starttime="20200211 12:16:27.210" endtime="20200211 12:16:46.035"></status>
</kw>
<kw name="Close Browser" library="SeleniumLibrary">
<doc>Closes the current browser.</doc>
<status status="PASS" starttime="20200211 12:16:46.036" endtime="20200211 12:16:48.330"></status>
</kw>
<status status="PASS" starttime="20200211 12:16:08.234" endtime="20200211 12:16:48.331" critical="yes"></status>
</test>
<status status="PASS" starttime="20200211 12:16:06.788" endtime="20200211 12:16:48.337"></status>
</suite>
<statistics>
<total>
<stat pass="1" fail="0">Critical Tests</stat>
<stat pass="1" fail="0">All Tests</stat>
</total>
<tag>
</tag>
<suite>
<stat pass="1" fail="0" id="s1" name="TC 020">TC 020</stat>
</suite>
</statistics>
<errors>
</errors>
</robot>
